2024-11-12T17:16:17.495Z [32minfo[39m: Bot started
2024-11-12T17:20:03.128Z [32minfo[39m: Bot started
2024-11-12T17:25:26.482Z [32minfo[39m: Bot started
2024-11-12T17:59:17.964Z [32minfo[39m: Bot started
2024-11-12T18:03:28.763Z [32minfo[39m: Bot started
2024-11-12T18:08:46.336Z [32minfo[39m: Bot started
2024-11-12T18:21:29.558Z [32minfo[39m: Bot started
2024-11-12T18:21:50.924Z [32minfo[39m: Bot started
2024-11-12T18:30:37.211Z [32minfo[39m: Bot started
2024-11-13T11:15:02.292Z [32minfo[39m: Bot started
2024-11-13T11:21:28.229Z [32minfo[39m: Bot started
2024-11-13T11:27:03.055Z [32minfo[39m: Bot started
2024-11-13T11:37:36.833Z [32minfo[39m: Bot started
2024-11-13T11:38:19.694Z [32minfo[39m: Файл pdf/Aq.pdf отправлен успешно.
2024-11-13T11:38:24.044Z [32minfo[39m: Файл pdf/compressed.pdf отправлен успешно.
2024-11-13T11:38:24.228Z [32minfo[39m: Все файлы отправлены.
2024-11-13T11:43:08.029Z [32minfo[39m: Bot started
2024-11-13T11:43:39.926Z [32minfo[39m: Расчет успешно сохранен для chatId: 1426960007
2024-11-13T11:53:15.129Z [32minfo[39m: Bot started
2024-11-13T11:54:07.491Z [32minfo[39m: Bot started
2024-11-13T12:24:36.191Z [32minfo[39m: Bot started
2024-11-13T12:32:52.221Z [32minfo[39m: Bot started
2024-11-13T12:33:58.443Z [32minfo[39m: Bot started
2024-11-13T12:47:26.818Z [32minfo[39m: Bot started
2024-11-13T12:47:26.821Z [32minfo[39m: Подключение к базе данных успешно
2024-11-13T12:48:24.772Z [32minfo[39m: Получена команда /admin от чата с ID: 1426960007
2024-11-13T12:48:28.765Z [32minfo[39m: Получена команда /admin от чата с ID: 1426960007
2024-11-13T12:48:33.292Z [32minfo[39m: Получена команда /admin от чата с ID: 1426960007
2024-11-13T12:48:34.470Z [32minfo[39m: Получена команда /admin от чата с ID: 1426960007
2024-11-13T12:53:22.121Z [32minfo[39m: Bot started
2024-11-13T12:53:22.125Z [32minfo[39m: Подключение к базе данных успешно
2024-11-13T12:53:28.613Z [32minfo[39m: Получена команда /admin от чата с ID: 1426960007
2024-11-13T12:53:32.602Z [32minfo[39m: Получена команда /admin от чата с ID: 1426960007
2024-11-13T12:53:35.097Z [32minfo[39m: Получена команда /admin от чата с ID: 1426960007
2024-11-13T13:05:22.181Z [32minfo[39m: Bot started
2024-11-13T13:05:22.184Z [32minfo[39m: Подключение к базе данных успешно
2024-11-13T13:07:59.077Z [32minfo[39m: Bot started
2024-11-13T13:07:59.081Z [32minfo[39m: Подключение к базе данных успешно
2024-11-13T14:04:42.781Z [32minfo[39m: Bot started
2024-11-13T14:04:42.784Z [32minfo[39m: Подключение к базе данных успешно
2024-11-13T14:12:15.340Z [32minfo[39m: Расчет успешно сохранен для chatId: 810233374
2024-11-13T14:12:17.495Z [32minfo[39m: Файл pdf/Aq.pdf отправлен успешно.
2024-11-13T14:12:21.960Z [32minfo[39m: Файл pdf/compressed.pdf отправлен успешно.
2024-11-13T14:12:22.142Z [32minfo[39m: Все файлы отправлены.
2024-11-13T14:13:03.493Z [32minfo[39m: Расчет успешно сохранен для chatId: 810233374
2024-11-13T14:21:51.716Z [32minfo[39m: Расчет успешно сохранен для chatId: 810233374
2024-11-13T14:32:27.389Z [32minfo[39m: Bot started
2024-11-13T14:32:27.392Z [32minfo[39m: Подключение к базе данных успешно
2024-11-13T14:36:49.923Z [32minfo[39m: Bot started
2024-11-13T14:36:49.926Z [32minfo[39m: Подключение к базе данных успешно
2024-11-13T14:42:57.885Z [32minfo[39m: Bot started
2024-11-13T14:42:57.888Z [32minfo[39m: Подключение к базе данных успешно
2024-11-13T14:43:33.730Z [32minfo[39m: Bot started
2024-11-13T14:43:33.733Z [32minfo[39m: Подключение к базе данных успешно
2024-11-13T14:43:45.436Z [32minfo[39m: Данные успешно сохранены
2024-11-13T14:49:04.543Z [32minfo[39m: Bot started
2024-11-13T14:49:04.546Z [32minfo[39m: Подключение к базе данных успешно
2024-11-13T14:49:28.613Z [32minfo[39m: Bot started
2024-11-13T14:49:28.616Z [32minfo[39m: Подключение к базе данных успешно
2024-11-13T14:52:32.301Z [32minfo[39m: Bot started
2024-11-13T14:52:32.304Z [32minfo[39m: Подключение к базе данных успешно
2024-11-13T14:57:46.810Z [32minfo[39m: Bot started
2024-11-13T14:57:46.813Z [32minfo[39m: Подключение к базе данных успешно
2024-11-13T15:11:16.845Z [32minfo[39m: Bot started
2024-11-13T15:11:16.849Z [32minfo[39m: Подключение к базе данных успешно
2024-11-13T15:15:34.816Z [32minfo[39m: Bot started
2024-11-13T15:15:34.820Z [32minfo[39m: Подключение к базе данных успешно
2024-11-13T15:18:08.639Z [32minfo[39m: Bot started
2024-11-13T15:18:08.643Z [32minfo[39m: Подключение к базе данных успешно
2024-11-13T15:19:24.062Z [32minfo[39m: Данные успешно сохранены
2024-11-13T15:21:03.803Z [32minfo[39m: Bot started
2024-11-13T15:21:03.808Z [32minfo[39m: Подключение к базе данных успешно
2024-11-13T15:22:26.821Z [32minfo[39m: Файл pdf/Aq.pdf отправлен успешно.
2024-11-13T15:22:31.160Z [32minfo[39m: Файл pdf/compressed.pdf отправлен успешно.
2024-11-13T15:22:31.274Z [32minfo[39m: Все файлы отправлены.
2024-11-13T15:24:03.350Z [32minfo[39m: Bot started
2024-11-13T15:24:03.355Z [32minfo[39m: Подключение к базе данных успешно
2024-11-13T15:33:04.124Z [32minfo[39m: Bot started
2024-11-13T15:33:04.129Z [32minfo[39m: Подключение к базе данных успешно
2024-11-13T15:34:19.072Z [32minfo[39m: Bot started
2024-11-13T15:34:19.077Z [32minfo[39m: Подключение к базе данных успешно
2024-11-13T15:37:04.201Z [32minfo[39m: Bot started
2024-11-13T15:37:04.205Z [32minfo[39m: Подключение к базе данных успешно
2024-11-13T15:37:54.824Z [32minfo[39m: Bot started
2024-11-13T15:37:54.829Z [32minfo[39m: Подключение к базе данных успешно
2024-11-13T15:39:42.898Z [32minfo[39m: Bot started
2024-11-13T15:39:42.902Z [32minfo[39m: Подключение к базе данных успешно
2024-11-13T15:46:30.326Z [32minfo[39m: Bot started
2024-11-13T15:46:30.329Z [32minfo[39m: Подключение к базе данных успешно
2024-11-13T15:48:59.661Z [32minfo[39m: Bot started
2024-11-13T15:48:59.663Z [32minfo[39m: Подключение к базе данных успешно
2024-11-13T15:49:19.454Z [32minfo[39m: Данные успешно сохранены
2024-11-13T15:50:07.835Z [32minfo[39m: Bot started
2024-11-13T15:50:07.839Z [32minfo[39m: Подключение к базе данных успешно
2024-11-13T16:03:01.994Z [32minfo[39m: Bot started
2024-11-13T16:03:01.998Z [32minfo[39m: Подключение к базе данных успешно
2024-11-13T16:05:28.179Z [32minfo[39m: Bot started
2024-11-13T16:05:28.185Z [32minfo[39m: Подключение к базе данных успешно
2024-11-13T16:06:57.368Z [32minfo[39m: Файл pdf/Aq.pdf отправлен успешно.
2024-11-13T16:07:01.718Z [32minfo[39m: Файл pdf/compressed.pdf отправлен успешно.
2024-11-13T16:07:01.821Z [32minfo[39m: Все файлы отправлены.
2024-11-13T16:10:02.032Z [32minfo[39m: Bot started
2024-11-13T16:10:02.039Z [32minfo[39m: Подключение к базе данных успешно
2024-11-13T16:10:46.075Z [32minfo[39m: Bot started
2024-11-13T16:10:46.082Z [32minfo[39m: Подключение к базе данных успешно
2024-11-13T16:12:55.202Z [32minfo[39m: Bot started
2024-11-13T16:12:55.207Z [32minfo[39m: Подключение к базе данных успешно
2024-11-13T16:16:02.029Z [32minfo[39m: Bot started
2024-11-13T16:16:02.035Z [32minfo[39m: Подключение к базе данных успешно
2024-11-13T16:20:59.340Z [32minfo[39m: Bot started
2024-11-13T16:20:59.345Z [32minfo[39m: Подключение к базе данных успешно
2024-11-13T16:22:11.056Z [32minfo[39m: Bot started
2024-11-13T16:22:11.062Z [32minfo[39m: Подключение к базе данных успешно
2024-11-13T16:29:36.206Z [32minfo[39m: Bot started
2024-11-13T16:29:36.213Z [32minfo[39m: Подключение к базе данных успешно
2024-11-13T16:40:56.259Z [32minfo[39m: Bot started
2024-11-13T16:40:56.265Z [32minfo[39m: Подключение к базе данных успешно
2024-11-13T16:48:39.782Z [32minfo[39m: Bot started
2024-11-13T16:48:39.787Z [32minfo[39m: Подключение к базе данных успешно
2024-11-13T16:49:22.906Z [32minfo[39m: Файл pdf/Aq.pdf отправлен успешно.
2024-11-13T16:49:27.220Z [32minfo[39m: Файл pdf/compressed.pdf отправлен успешно.
2024-11-13T16:49:27.362Z [32minfo[39m: Все файлы отправлены.
2024-11-13T16:50:55.864Z [32minfo[39m: Bot started
2024-11-13T16:50:55.869Z [32minfo[39m: Подключение к базе данных успешно
2024-11-13T16:51:52.121Z [32minfo[39m: Bot started
2024-11-13T16:51:52.127Z [32minfo[39m: Подключение к базе данных успешно
2024-11-13T16:54:06.817Z [32minfo[39m: Bot started
2024-11-13T16:54:06.824Z [32minfo[39m: Подключение к базе данных успешно
2024-11-13T17:05:25.441Z [32minfo[39m: Bot started
2024-11-13T17:05:25.447Z [32minfo[39m: Подключение к базе данных успешно
